<?xml version="1.0" encoding="UTF-8"?>
<!-- Generated by org.testng.reporters.JUnitReportReporter -->
<testsuite skipped="0" hostname="DESKTOP-3EK6SA7" name="com.rest.tests.GetcallBDD" tests="1" failures="0" timestamp="2020-09-24T18:37:50 IST" time="5.133" errors="0">
  <testcase name="test_numberofcorcuitsfor2018" time="5.133" classname="com.rest.tests.GetcallBDD"/>
  <system-out/>
</testsuite> <!-- com.rest.tests.GetcallBDD -->
